TN:
SF:src/index.ts
FN:121,(anonymous_1)
FN:172,(anonymous_2)
FN:177,(anonymous_3)
FN:184,(anonymous_4)
FN:272,(anonymous_5)
FN:274,(anonymous_6)
FN:404,(anonymous_7)
FN:481,(anonymous_8)
FN:559,(anonymous_9)
FN:596,(anonymous_10)
FN:609,(anonymous_11)
FN:750,(anonymous_12)
FN:886,runServer
FNF:13
FNH:0
FNDA:0,(anonymous_1)
FNDA:0,(anonymous_2)
FNDA:0,(anonymous_3)
FNDA:0,(anonymous_4)
FNDA:0,(anonymous_5)
FNDA:0,(anonymous_6)
FNDA:0,(anonymous_7)
FNDA:0,(anonymous_8)
FNDA:0,(anonymous_9)
FNDA:0,(anonymous_10)
FNDA:0,(anonymous_11)
FNDA:0,(anonymous_12)
FNDA:0,runServer
DA:2,0
DA:3,0
DA:4,0
DA:10,0
DA:82,0
DA:95,0
DA:96,0
DA:97,0
DA:98,0
DA:102,0
DA:103,0
DA:104,0
DA:106,0
DA:112,0
DA:113,0
DA:114,0
DA:115,0
DA:116,0
DA:117,0
DA:122,0
DA:123,0
DA:126,0
DA:136,0
DA:137,0
DA:138,0
DA:143,0
DA:159,0
DA:160,0
DA:161,0
DA:162,0
DA:166,0
DA:174,0
DA:179,0
DA:184,0
DA:185,0
DA:186,0
DA:188,0
DA:200,0
DA:203,0
DA:204,0
DA:211,0
DA:219,0
DA:221,0
DA:228,0
DA:235,0
DA:242,0
DA:251,0
DA:257,0
DA:263,0
DA:267,0
DA:272,0
DA:273,0
DA:274,0
DA:277,0
DA:278,0
DA:279,0
DA:281,0
DA:284,0
DA:285,0
DA:306,0
DA:307,0
DA:320,0
DA:323,0
DA:333,0
DA:338,0
DA:339,0
DA:340,0
DA:342,0
DA:343,0
DA:350,0
DA:360,0
DA:365,0
DA:366,0
DA:367,0
DA:368,0
DA:370,0
DA:371,0
DA:375,0
DA:376,0
DA:398,0
DA:400,0
DA:404,0
DA:405,0
DA:406,0
DA:407,0
DA:408,0
DA:412,0
DA:413,0
DA:433,0
DA:434,0
DA:460,0
DA:463,0
DA:473,0
DA:477,0
DA:481,0
DA:482,0
DA:559,0
DA:560,0
DA:562,0
DA:564,0
DA:565,0
DA:568,0
DA:569,0
DA:570,0
DA:579,0
DA:581,0
DA:582,0
DA:583,0
DA:584,0
DA:587,0
DA:589,0
DA:596,0
DA:602,0
DA:607,0
DA:610,0
DA:616,0
DA:617,0
DA:618,0
DA:620,0
DA:622,0
DA:644,0
DA:654,0
DA:661,0
DA:666,0
DA:674,0
DA:675,0
DA:677,0
DA:678,0
DA:689,0
DA:694,0
DA:702,0
DA:703,0
DA:706,0
DA:707,0
DA:708,0
DA:717,0
DA:719,0
DA:722,0
DA:723,0
DA:725,0
DA:728,0
DA:729,0
DA:732,0
DA:733,0
DA:736,0
DA:737,0
DA:738,0
DA:739,0
DA:743,0
DA:744,0
DA:747,0
DA:750,0
DA:755,0
DA:760,0
DA:768,0
DA:769,0
DA:770,0
DA:772,0
DA:774,0
DA:794,0
DA:808,0
DA:814,0
DA:819,0
DA:827,0
DA:828,0
DA:829,0
DA:830,0
DA:832,0
DA:833,0
DA:846,0
DA:847,0
DA:848,0
DA:849,0
DA:852,0
DA:854,0
DA:862,0
DA:867,0
DA:875,0
DA:881,0
DA:887,0
DA:888,0
DA:891,0
LF:182
LH:0
BRDA:96,0,0,0
BRDA:108,1,0,0
BRDA:108,1,1,0
BRDA:137,2,0,0
BRDA:160,3,0,0
BRDA:277,4,0,0
BRDA:284,5,0,0
BRDA:284,5,1,0
BRDA:306,6,0,0
BRDA:306,6,1,0
BRDA:338,7,0,0
BRDA:338,8,0,0
BRDA:338,8,1,0
BRDA:365,9,0,0
BRDA:375,10,0,0
BRDA:375,10,1,0
BRDA:398,11,0,0
BRDA:398,11,1,0
BRDA:412,12,0,0
BRDA:412,12,1,0
BRDA:433,13,0,0
BRDA:433,13,1,0
BRDA:564,14,0,0
BRDA:564,14,1,0
BRDA:569,15,0,0
BRDA:616,16,0,0
BRDA:616,16,1,0
BRDA:658,17,0,0
BRDA:658,17,1,0
BRDA:674,18,0,0
BRDA:674,18,1,0
BRDA:702,19,0,0
BRDA:702,19,1,0
BRDA:707,20,0,0
BRDA:728,21,0,0
BRDA:732,22,0,0
BRDA:732,23,0,0
BRDA:732,23,1,0
BRDA:736,24,0,0
BRDA:736,25,0,0
BRDA:736,25,1,0
BRDA:738,26,0,0
BRDA:743,27,0,0
BRDA:743,28,0,0
BRDA:743,28,1,0
BRDA:743,28,2,0
BRDA:768,29,0,0
BRDA:768,29,1,0
BRDA:827,30,0,0
BRDA:827,30,1,0
BRDA:847,31,0,0
BRDA:857,32,0,0
BRDA:857,32,1,0
BRF:53
BRH:0
end_of_record
